#
# A fatal error has been detected by the Java Runtime Environment:
#
#  EXCEPTION_ACCESS_VIOLATION (0xc0000005) at pc=0x0000000069c70fb5, pid=3744, tid=8976
#
# JRE version: Java(TM) SE Runtime Environment (8.0_66-b17) (build 1.8.0_66-b17)
# Java VM: Java HotSpot(TM) 64-Bit Server VM (25.66-b17 mixed mode windows-amd64 compressed oops)
# Problematic frame:
# C  [nvoglv64.DLL+0x1030fb5]
#
# Failed to write core dump. Minidumps are not enabled by default on client versions of Windows
#
# If you would like to submit a bug report, please visit:
#   http://bugreport.java.com/bugreport/crash.jsp
# The crash happened outside the Java Virtual Machine in native code.
# See problematic frame for where to report the bug.
#

---------------  T H R E A D  ---------------

Current thread (0x0000000002a2e800):  JavaThread "main" [_thread_in_native, id=8976, stack(0x00000000028b0000,0x00000000029b0000)]

siginfo: ExceptionCode=0xc0000005, reading address 0x0000000000000000

Registers:
RAX=0x000000002539ef68, RBX=0x00000000202123b8, RCX=0x0000000069c70fb5, RDX=0x0000000000000000
RSP=0x00000000029af0c8, RBP=0x0000000000000001, RSI=0x0000000000000001, RDI=0x000000002539ef68
R8 =0x0000000000000010, R9 =0x0000000068c40000, R10=0x0000000000000000, R11=0x000000002539ef68
R12=0x0000000000000000, R13=0x0000000068c40000, R14=0x0000000000000000, R15=0x0000000020212138
RIP=0x0000000069c70fb5, EFLAGS=0x0000000000010202

Top of Stack: (sp=0x00000000029af0c8)
0x00000000029af0c8:   00000000697c02fa 000000001bff3d78
0x00000000029af0d8:   00000000029af238 0000000002a2e010
0x00000000029af0e8:   000000006965872b 0000000002a2e800
0x00000000029af0f8:   0000000000000001 0000000000000000
0x00000000029af108:   000000000001010b 0000000020212138
0x00000000029af118:   00000000697c10e2 0000000020211080
0x00000000029af128:   0000000000000001 0000000000000000
0x00000000029af138:   0000000002b45686 0000000002a2e800
0x00000000029af148:   00000000029af238 000000001bff3d78
0x00000000029af158:   0000000000000000 000000001c057738
0x00000000029af168:   0000000002b457f4 000000001bff3d78
0x00000000029af178:   00000000029af1f8 000000001c057738
0x00000000029af188:   0000000002b4556b 0000000000000000
0x00000000029af198:   0000000000000001 000000001c057738
0x00000000029af1a8:   0000000002a2e800 0000000002b45522
0x00000000029af1b8:   00000000029af1b8 000000001bff3d78 

Instructions: (pc=0x0000000069c70fb5)
0x0000000069c70f95:   89 08 c3 48 8b 0a 48 89 08 c3 0f b7 0a 44 0f b6
0x0000000069c70fa5:   42 02 66 89 08 44 88 40 02 c3 0f b6 0a 88 08 c3
0x0000000069c70fb5:   f3 0f 6f 02 f3 0f 7f 00 c3 66 90 4c 8b 02 0f b7
0x0000000069c70fc5:   4a 08 44 0f b6 4a 0a 4c 89 00 66 89 48 08 44 88 


Register to memory mapping:

RAX=0x000000002539ef68 is an unknown value
RBX=0x00000000202123b8 is an unknown value
RCX=0x0000000069c70fb5 is an unknown value
RDX=0x0000000000000000 is an unknown value
RSP=0x00000000029af0c8 is pointing into the stack for thread: 0x0000000002a2e800
RBP=0x0000000000000001 is an unknown value
RSI=0x0000000000000001 is an unknown value
RDI=0x000000002539ef68 is an unknown value
R8 =0x0000000000000010 is an unknown value
R9 =0x0000000068c40000 is an unknown value
R10=0x0000000000000000 is an unknown value
R11=0x000000002539ef68 is an unknown value
R12=0x0000000000000000 is an unknown value
R13=0x0000000068c40000 is an unknown value
R14=0x0000000000000000 is an unknown value
R15=0x0000000020212138 is an unknown value


Stack: [0x00000000028b0000,0x00000000029b0000],  sp=0x00000000029af0c8,  free space=1020k
Native frames: (J=compiled Java code, j=interpreted, Vv=VM code, C=native code)
C  [nvoglv64.DLL+0x1030fb5]
C  [nvoglv64.DLL+0xb802fa]
C  [nvoglv64.DLL+0xb810e2]
C  0x0000000002b457f4

Java frames: (J=compiled Java code, j=interpreted, Vv=VM code)
j  org.lwjgl.system.JNI.callV(JIII)V+0
j  org.lwjgl.opengl.GL11.glDrawArrays(III)V+11
j  com.glutilities.buffer.VBO.draw()V+51
j  simulator.main.GameRenderer.render(Lcom/glutilities/ui/RenderContext;)V+66
j  com.glutilities.ui.GLWindow.loop()V+18
j  simulator.main.Main.main([Ljava/lang/String;)V+44
v  ~StubRoutines::call_stub

---------------  P R O C E S S  ---------------

Java Threads: ( => current thread )
  0x000000001e702000 JavaThread "Service Thread" daemon [_thread_blocked, id=20040, stack(0x000000001f040000,0x000000001f140000)]
  0x000000001e67b800 JavaThread "C1 CompilerThread3" daemon [_thread_blocked, id=22640, stack(0x000000001ef40000,0x000000001f040000)]
  0x000000001e671000 JavaThread "C2 CompilerThread2" daemon [_thread_blocked, id=21756, stack(0x000000001ee40000,0x000000001ef40000)]
  0x000000001e66e000 JavaThread "C2 CompilerThread1" daemon [_thread_blocked, id=20488, stack(0x000000001ed40000,0x000000001ee40000)]
  0x000000001e66a800 JavaThread "C2 CompilerThread0" daemon [_thread_blocked, id=13928, stack(0x000000001ec40000,0x000000001ed40000)]
  0x000000001c57e800 JavaThread "Attach Listener" daemon [_thread_blocked, id=10724, stack(0x000000001eb40000,0x000000001ec40000)]
  0x000000001c57d000 JavaThread "Signal Dispatcher" daemon [_thread_blocked, id=4872, stack(0x000000001ea40000,0x000000001eb40000)]
  0x0000000002b2c800 JavaThread "Finalizer" daemon [_thread_blocked, id=22156, stack(0x000000001e450000,0x000000001e550000)]
  0x0000000002b26000 JavaThread "Reference Handler" daemon [_thread_blocked, id=13944, stack(0x000000001e350000,0x000000001e450000)]
=>0x0000000002a2e800 JavaThread "main" [_thread_in_native, id=8976, stack(0x00000000028b0000,0x00000000029b0000)]

Other Threads:
  0x000000001c569000 VMThread [stack: 0x000000001e250000,0x000000001e350000] [id=7040]
  0x000000001e715000 WatcherThread [stack: 0x000000001f140000,0x000000001f240000] [id=12668]

VM state:not at safepoint (normal execution)

VM Mutex/Monitor currently owned by a thread: None

Heap:
 PSYoungGen      total 76288K, used 17321K [0x000000076b300000, 0x0000000770800000, 0x00000007c0000000)
  eden space 65536K, 26% used [0x000000076b300000,0x000000076c3ea668,0x000000076f300000)
  from space 10752K, 0% used [0x000000076fd80000,0x000000076fd80000,0x0000000770800000)
  to   space 10752K, 0% used [0x000000076f300000,0x000000076f300000,0x000000076fd80000)
 ParOldGen       total 175104K, used 0K [0x00000006c1800000, 0x00000006cc300000, 0x000000076b300000)
  object space 175104K, 0% used [0x00000006c1800000,0x00000006c1800000,0x00000006cc300000)
 Metaspace       used 8682K, capacity 8893K, committed 9088K, reserved 1056768K
  class space    used 764K, capacity 841K, committed 896K, reserved 1048576K

Card table byte_map: [0x0000000011ef0000,0x00000000126f0000] byte_map_base: 0x000000000e8e4000

Marking Bits: (ParMarkBitMap*) 0x000000006b71a5b0
 Begin Bits: [0x0000000013440000, 0x00000000173e0000)
 End Bits:   [0x00000000173e0000, 0x000000001b380000)

Polling page: 0x0000000000bf0000

CodeCache: size=245760Kb used=2511Kb max_used=2511Kb free=243248Kb
 bounds [0x0000000002b30000, 0x0000000002db0000, 0x0000000011b30000]
 total_blobs=1351 nmethods=552 adapters=713
 compilation: enabled

Compilation events (10 events):
Event: 1.453 Thread 0x000000001e67b800 nmethod 545 0x0000000002d9f350 code [0x0000000002d9f4e0, 0x0000000002d9f928]
Event: 1.453 Thread 0x000000001e67b800  547       3       java.util.WeakHashMap::put (162 bytes)
Event: 1.455 Thread 0x000000001e67b800 nmethod 547 0x0000000002d9fa10 code [0x0000000002d9fc40, 0x0000000002da0af8]
Event: 1.455 Thread 0x000000001e67b800  546       3       java.util.Collections$UnmodifiableCollection$1::next (10 bytes)
Event: 1.455 Thread 0x000000001e67b800 nmethod 546 0x0000000002da1190 code [0x0000000002da1300, 0x0000000002da1528]
Event: 1.455 Thread 0x000000001e67b800  549       3       java.lang.invoke.LambdaForm::internArgument (84 bytes)
Event: 1.455 Thread 0x000000001e67b800 nmethod 549 0x0000000002da15d0 code [0x0000000002da1760, 0x0000000002da1be8]
Event: 1.455 Thread 0x000000001e67b800  550       3       java.lang.invoke.MethodType::equals (29 bytes)
Event: 1.455 Thread 0x000000001e67b800 nmethod 550 0x0000000002da1e90 code [0x0000000002da2020, 0x0000000002da2568]
Event: 1.456 Thread 0x000000001e67b800  551       3       com.glutilities.util.matrix.Matrix4f::set (102 bytes)

GC Heap History (0 events):
No events

Deoptimization events (2 events):
Event: 1.417 Thread 0x0000000002a2e800 Uncommon trap: reason=unstable_if action=reinterpret pc=0x0000000002d6b664 method=sun.misc.MetaIndex.mayContain(Ljava/lang/String;)Z @ 13
Event: 1.417 Thread 0x0000000002a2e800 Uncommon trap: reason=unstable_if action=reinterpret pc=0x0000000002d5d58c method=sun.misc.MetaIndex.mayContain(Ljava/lang/String;)Z @ 13

Internal exceptions (8 events):
Event: 0.051 Thread 0x0000000002a2e800 Exception <a 'java/lang/NoSuchMethodError': Method sun.misc.Unsafe.defineClass(Ljava/lang/String;[BII)Ljava/lang/Class; name or signature does not match> (0x000000076b30e008) thrown at [C:\re\workspace\8-2-build-windows-amd64-cygwin\jdk8u66\4988\hotspot\srBÒ0ðÿ`ª?
Event: 0.052 Thread 0x0000000002a2e800 Exception <a 'java/lang/NoSuchMethodError': Method sun.misc.Unsafe.prefetchRead(Ljava/lang/Object;J)V name or signature does not match> (0x000000076b30e2f0) thrown at [C:\re\workspace\8-2-build-windows-amd64-cygwin\jdk8u66\4988\hotspot\src\share\vm\prims\j;fXxÉ?
Event: 0.199 Thread 0x0000000002a2e800 Exception <a 'java/lang/NoSuchFieldError': method resolution failed> (0x000000076b7c8388) thrown at [C:\re\workspace\8-2-build-windows-amd64-cygwin\jdk8u66\4988\hotspot\src\share\vm\prims\methodHandles.cpp, line 1146]
Event: 0.201 Thread 0x0000000002a2e800 Exception <a 'java/lang/NoSuchFieldError': method resolution failed> (0x000000076b7d5708) thrown at [C:\re\workspace\8-2-build-windows-amd64-cygwin\jdk8u66\4988\hotspot\src\share\vm\prims\methodHandles.cpp, line 1146]
Event: 0.232 Thread 0x0000000002a2e800 Exception <a 'java/security/PrivilegedActionException'> (0x000000076b875750) thrown at [C:\re\workspace\8-2-build-windows-amd64-cygwin\jdk8u66\4988\hotspot\src\share\vm\prims\jvm.cpp, line 1386]
Event: 0.232 Thread 0x0000000002a2e800 Exception <a 'java/security/PrivilegedActionException'> (0x000000076b875960) thrown at [C:\re\workspace\8-2-build-windows-amd64-cygwin\jdk8u66\4988\hotspot\src\share\vm\prims\jvm.cpp, line 1386]
Event: 0.233 Thread 0x0000000002a2e800 Exception <a 'java/security/PrivilegedActionException'> (0x000000076b879508) thrown at [C:\re\workspace\8-2-build-windows-amd64-cygwin\jdk8u66\4988\hotspot\src\share\vm\prims\jvm.cpp, line 1386]
Event: 0.233 Thread 0x0000000002a2e800 Exception <a 'java/security/PrivilegedActionException'> (0x000000076b879718) thrown at [C:\re\workspace\8-2-build-windows-amd64-cygwin\jdk8u66\4988\hotspot\src\share\vm\prims\jvm.cpp, line 1386]

Events (10 events):
Event: 1.453 loading class org/lwjgl/glfw/GLFWCursorPosCallback$Container
Event: 1.453 loading class org/lwjgl/glfw/GLFWCursorPosCallback$Container done
Event: 1.454 loading class com/glutilities/ui/GLWindow
Event: 1.454 loading class com/glutilities/ui/GLWindow done
Event: 1.454 loading class org/lwjgl/glfw/GLFWCharCallback
Event: 1.454 loading class org/lwjgl/glfw/GLFWCharCallback done
Event: 1.455 loading class org/lwjgl/glfw/GLFWCharCallback$Container
Event: 1.455 loading class org/lwjgl/glfw/GLFWCharCallback$Container done
Event: 1.456 loading class com/glutilities/util/OpenGL
Event: 1.456 loading class com/glutilities/util/OpenGL done


Dynamic libraries:
0x00007ff6a5710000 - 0x00007ff6a5747000 	C:\Program Files\Java\jre1.8.0_66\bin\javaw.exe
0x00007ffbd4fd0000 - 0x00007ffbd51a2000 	C:\WINDOWS\SYSTEM32\ntdll.dll
0x00007ffbd48c0000 - 0x00007ffbd496c000 	C:\WINDOWS\System32\KERNEL32.DLL
0x00007ffbd1fa0000 - 0x00007ffbd21bd000 	C:\WINDOWS\System32\KERNELBASE.dll
0x00007ffbd4970000 - 0x00007ffbd4a12000 	C:\WINDOWS\System32\ADVAPI32.dll
0x00007ffbd4e00000 - 0x00007ffbd4e9e000 	C:\WINDOWS\System32\msvcrt.dll
0x00007ffbd4000000 - 0x00007ffbd4059000 	C:\WINDOWS\System32\sechost.dll
0x00007ffbd4ea0000 - 0x00007ffbd4fc1000 	C:\WINDOWS\System32\RPCRT4.dll
0x00007ffbd25a0000 - 0x00007ffbd2705000 	C:\WINDOWS\System32\USER32.dll
0x00007ffbd14b0000 - 0x00007ffbd14ce000 	C:\WINDOWS\System32\win32u.dll
0x00007ffbd2a80000 - 0x00007ffbd2ab4000 	C:\WINDOWS\System32\GDI32.dll
0x00007ffbd1620000 - 0x00007ffbd17a0000 	C:\WINDOWS\System32\gdi32full.dll
0x00007ffbc7d90000 - 0x00007ffbc800a000 	C:\WINDOWS\WinSxS\amd64_microsoft.windows.common-controls_6595b64144ccf1df_6.0.14393.953_none_42151e83c686086b\COMCTL32.dll
0x00007ffbd4a80000 - 0x00007ffbd4d48000 	C:\WINDOWS\System32\combase.dll
0x00007ffbd2440000 - 0x00007ffbd2535000 	C:\WINDOWS\System32\ucrtbase.dll
0x00007ffbd17a0000 - 0x00007ffbd180a000 	C:\WINDOWS\System32\bcryptPrimitives.dll
0x00007ffbd42e0000 - 0x00007ffbd430e000 	C:\WINDOWS\System32\IMM32.DLL
0x000000006c170000 - 0x000000006c242000 	C:\Program Files\Java\jre1.8.0_66\bin\msvcr100.dll
0x000000006af10000 - 0x000000006b799000 	C:\Program Files\Java\jre1.8.0_66\bin\server\jvm.dll
0x00007ffbd4840000 - 0x00007ffbd4848000 	C:\WINDOWS\System32\PSAPI.DLL
0x00007ffbccea0000 - 0x00007ffbcceaa000 	C:\WINDOWS\SYSTEM32\VERSION.dll
0x00007ffbcf040000 - 0x00007ffbcf063000 	C:\WINDOWS\SYSTEM32\WINMM.dll
0x00007ffbc20d0000 - 0x00007ffbc20d9000 	C:\WINDOWS\SYSTEM32\WSOCK32.dll
0x00007ffbd2a10000 - 0x00007ffbd2a7a000 	C:\WINDOWS\System32\WS2_32.dll
0x0000000001080000 - 0x00000000010ab000 	C:\WINDOWS\SYSTEM32\WINMMBASE.dll
0x00007ffbd23f0000 - 0x00007ffbd2432000 	C:\WINDOWS\System32\cfgmgr32.dll
0x000000006c160000 - 0x000000006c16f000 	C:\Program Files\Java\jre1.8.0_66\bin\verify.dll
0x000000006c130000 - 0x000000006c159000 	C:\Program Files\Java\jre1.8.0_66\bin\java.dll
0x000000006c110000 - 0x000000006c126000 	C:\Program Files\Java\jre1.8.0_66\bin\zip.dll
0x00007ffbd2ac0000 - 0x00007ffbd3fc8000 	C:\WINDOWS\System32\SHELL32.dll
0x00007ffbd18c0000 - 0x00007ffbd1f98000 	C:\WINDOWS\System32\windows.storage.dll
0x00007ffbd1420000 - 0x00007ffbd146c000 	C:\WINDOWS\System32\powrprof.dll
0x00007ffbd2540000 - 0x00007ffbd2592000 	C:\WINDOWS\System32\shlwapi.dll
0x00007ffbd14a0000 - 0x00007ffbd14af000 	C:\WINDOWS\System32\kernel.appcore.dll
0x00007ffbd1810000 - 0x00007ffbd18b9000 	C:\WINDOWS\System32\shcore.dll
0x00007ffbd1470000 - 0x00007ffbd1484000 	C:\WINDOWS\System32\profapi.dll
0x00007ffbbde10000 - 0x00007ffbbdede000 	C:\Users\Hanavan\Documents\Projects\GLUtilities\lwjgl\native\lwjgl.dll
0x00007ffbd2870000 - 0x00007ffbd29a8000 	C:\WINDOWS\System32\ole32.dll
0x00007ffbd0f10000 - 0x00007ffbd0f1b000 	C:\WINDOWS\SYSTEM32\CRYPTBASE.DLL
0x00007ffbc3ee0000 - 0x00007ffbc3f1c000 	C:\Users\Hanavan\Documents\Projects\GLUtilities\lwjgl\native\glfw.dll
0x00007ffbcfbd0000 - 0x00007ffbcfc65000 	C:\WINDOWS\system32\uxtheme.dll
0x00007ffbc3ce0000 - 0x00007ffbc3d20000 	C:\WINDOWS\SYSTEM32\dinput8.dll
0x00007ffbca340000 - 0x00007ffbca34e000 	C:\WINDOWS\SYSTEM32\xinput1_4.dll
0x00007ffbd0160000 - 0x00007ffbd0188000 	C:\WINDOWS\SYSTEM32\DEVOBJ.dll
0x00007ffbce920000 - 0x00007ffbce946000 	C:\WINDOWS\SYSTEM32\dwmapi.dll
0x00007ffba9a30000 - 0x00007ffba9ac8000 	C:\Program Files\Common Files\microsoft shared\ink\tiptsf.dll
0x00007ffbd4080000 - 0x00007ffbd413f000 	C:\WINDOWS\System32\OLEAUT32.dll
0x00007ffbd1580000 - 0x00007ffbd161c000 	C:\WINDOWS\System32\msvcp_win.dll
0x00007ffba9b00000 - 0x00007ffba9c23000 	C:\WINDOWS\SYSTEM32\opengl32.dll
0x00007ffbc5940000 - 0x00007ffbc596d000 	C:\WINDOWS\SYSTEM32\GLU32.dll
0x00007ffbac470000 - 0x00007ffbac567000 	C:\WINDOWS\SYSTEM32\DDRAW.dll
0x00007ffbc9b50000 - 0x00007ffbc9b58000 	C:\WINDOWS\SYSTEM32\DCIMAN32.dll
0x00007ffbd03e0000 - 0x00007ffbd03ec000 	C:\WINDOWS\SYSTEM32\HID.DLL
0x00007ffbd4410000 - 0x00007ffbd4839000 	C:\WINDOWS\System32\SETUPAPI.DLL
0x00007ffbd2390000 - 0x00007ffbd23e5000 	C:\WINDOWS\System32\WINTRUST.dll
0x00007ffbd1490000 - 0x00007ffbd14a0000 	C:\WINDOWS\System32\MSASN1.dll
0x00007ffbd21c0000 - 0x00007ffbd2389000 	C:\WINDOWS\System32\CRYPT32.dll
0x00007ffba08a0000 - 0x00007ffba0987000 	C:\WINDOWS\SYSTEM32\vulkan-1.dll
0x00007ffbd0710000 - 0x00007ffbd0742000 	C:\WINDOWS\SYSTEM32\ntmarta.dll
0x00007ffbd2710000 - 0x00007ffbd286a000 	C:\WINDOWS\System32\MSCTF.dll
0x0000000068c40000 - 0x000000006af07000 	C:\WINDOWS\SYSTEM32\nvoglv64.DLL
0x00007ffbce370000 - 0x00007ffbce383000 	C:\WINDOWS\SYSTEM32\WTSAPI32.dll
0x00007ffbc5660000 - 0x00007ffbc583c000 	C:\WINDOWS\system32\nvspcap64.dll
0x00007ffbce7d0000 - 0x00007ffbce89d000 	C:\WINDOWS\SYSTEM32\WINHTTP.dll
0x00007ffbca520000 - 0x00007ffbca9a0000 	C:\WINDOWS\system32\nvapi64.dll
0x00007ffbd0480000 - 0x00007ffbd051f000 	C:\WINDOWS\SYSTEM32\dxgi.dll
0x00007ffbd4d60000 - 0x00007ffbd4dff000 	C:\WINDOWS\System32\clbcatq.dll
0x00007ffbd12f0000 - 0x00007ffbd1388000 	C:\WINDOWS\SYSTEM32\sxs.dll
0x00007ffbd0660000 - 0x00007ffbd06b6000 	C:\WINDOWS\SYSTEM32\WINSTA.dll
0x0000000068c20000 - 0x0000000068c3a000 	C:\Program Files\Java\jre1.8.0_66\bin\net.dll
0x00007ffbd0d50000 - 0x00007ffbd0dac000 	C:\WINDOWS\system32\mswsock.dll
0x0000000068c00000 - 0x0000000068c11000 	C:\Program Files\Java\jre1.8.0_66\bin\nio.dll
0x00007ffbc2960000 - 0x00007ffbc299b000 	C:\Users\Hanavan\Documents\Projects\GLUtilities\lwjgl\native\jemalloc.dll
0x00007ffbc1610000 - 0x00007ffbc17a2000 	C:\WINDOWS\SYSTEM32\dbghelp.dll

VM Arguments:
jvm_args: -Djava.library.path=C:\Users\Hanavan\Documents\Projects\GLUtilities\lwjgl\native;C:\Users\Hanavan\Documents\Projects\GLUtilities\lwjgl\native -Dfile.encoding=Cp1252 
java_command: simulator.main.Main
java_class_path (initial): C:\Program Files\Java\jre1.8.0_66\lib\resources.jar;C:\Program Files\Java\jre1.8.0_66\lib\rt.jar;C:\Program Files\Java\jre1.8.0_66\lib\jsse.jar;C:\Program Files\Java\jre1.8.0_66\lib\jce.jar;C:\Program Files\Java\jre1.8.0_66\lib\charsets.jar;C:\Program Files\Java\jre1.8.0_66\lib\jfr.jar;C:\Program Files\Java\jre1.8.0_66\lib\ext\access-bridge-64.jar;C:\Program Files\Java\jre1.8.0_66\lib\ext\cldrdata.jar;C:\Program Files\Java\jre1.8.0_66\lib\ext\dnsns.jar;C:\Program Files\Java\jre1.8.0_66\lib\ext\jaccess.jar;C:\Program Files\Java\jre1.8.0_66\lib\ext\jfxrt.jar;C:\Program Files\Java\jre1.8.0_66\lib\ext\localedata.jar;C:\Program Files\Java\jre1.8.0_66\lib\ext\nashorn.jar;C:\Program Files\Java\jre1.8.0_66\lib\ext\sunec.jar;C:\Program Files\Java\jre1.8.0_66\lib\ext\sunjce_provider.jar;C:\Program Files\Java\jre1.8.0_66\lib\ext\sunmscapi.jar;C:\Program Files\Java\jre1.8.0_66\lib\ext\sunpkcs11.jar;C:\Program Files\Java\jre1.8.0_66\lib\ext\zipfs.jar;C:\Users\Hanavan\Documents\Projects\TrainSimulator\bin;C:\Users\Hanavan\Documents\Projects\GLUtilities\target\classes;C:\Users\Hanavan\Documents\Projects\GLUtilities\lwjgl\jar\lwjgl.jar;C:\Users\Hanavan\.m2\repository\org\lwjgl\lwjgl\3.1.3\lwjgl-3.1.3.jar;C:\Users\Hanavan\.m2\repository\org\lwjgl\lwjgl-glfw\3.1.3\lwjgl-glfw-3.1.3.jar;C:\Users\Hanavan\.m2\repository\org\lwjgl\lwjgl-jemalloc\3.1.3\lwjgl-jemalloc-3.1.3.jar;C:\Users\Hanavan\.m2\repository\org\lwjgl\lwjgl-openal\3.1.3\lwjgl-openal-3.1.3.jar;C:\Users\Hanavan\.m2\repository\org\lwjgl\lwjgl-opengl\3.1.3\lwjgl-opengl-3.1.3.jar;C:\Users\Hanavan\.m2\repository\org\lwjgl\lwjgl-stb\3.1.3\lwjgl-stb-3.1.3.jar;C:\Users\Hanavan\.m2\repository\org\lwjgl\lwjgl\3.1.3\lwjgl-3.1.3-natives-windows.jar;C:\Users\Hanavan\.m2\repository\org\lwjgl\lwjgl-glfw\3.1.3\lwjgl-glfw-3.1.3-natives-windows.jar;C:\Users\Hanavan\.m2\repository\org\lwjgl\lwjgl-jemalloc\3.1.3\lwjgl-jemalloc-3.1.3-natives-windows.jar;C:\Users\Hanavan\.m2\repository\org\lwjgl\lwjgl-openal\3.1.3\lw
Launcher Type: SUN_STANDARD

Environment Variables:
JAVA_HOME=C:\Program Files\Java\jdk1.8.0_65
PATH=C:/Program Files/Java/jdk1.8.0_65/bin/../jre/bin/server;C:/Program Files/Java/jdk1.8.0_65/bin/../jre/bin;C:/Program Files/Java/jdk1.8.0_65/bin/../jre/lib/amd64;C:\Program Files\Common Files\Microsoft Shared\Windows Live;C:\Program Files (x86)\Common Files\Microsoft Shared\Windows Live;C:\WINDOWS\system32;C:\WINDOWS;C:\WINDOWS\System32\Wbem;C:\WINDOWS\System32\WindowsPowerShell\v1.0\;C:\Program Files (x86)\QuickTime\QTSystem\;C:\Program Files\Microsoft SQL Server\110\Tools\Binn\;C:\Program Files (x86)\Microsoft SDKs\TypeScript\1.0\;C:\Program Files (x86)\Windows Live\Shared;C:\Users\Hanavan\.dnx\bin;C:\Program Files\Microsoft DNX\Dnvm\;C:\Program Files (x86)\NVIDIA Corporation\PhysX\Common;C:\WINDOWS\system32;C:\WINDOWS;C:\WINDOWS\System32\Wbem;C:\WINDOWS\System32\WindowsPowerShell\v1.0\;C:\Program Files\Java\jdk1.8.0_66\bin;C:\Program Files\Common Files\Autodesk Shared\;C:\Program Files (x86)\Autodesk\Backburner\;C:\Program Files\Java\jdk1.8.0_65\bin;C:\Program Files (x86)\Microsoft SQL Server\110\Tools\Binn\;C:\Program Files\Microsoft SQL Server\110\DTS\Binn\;C:\Program Files (x86)\Microsoft SQL Server\110\Tools\Binn\ManagementStudio\;C:\Program Files (x86)\Microsoft SQL Server\110\DTS\Binn\;C:\Program Files (x86)\Skype\Phone\;C:\Program Files\PuTTY\;C:\TDM-GCC-64\bin;C:\Program Files\Microsoft SQL Server\130\Tools\Binn\;C:\Program Files\MiKTeX 2.9\miktex\bin\x64\;C:\Program Files\Gource\cmd;C:\Program Files\dotnet\;C:\Users\Hanavan\AppData\Local\Programs\Python\Python36-32\Scripts\;C:\Users\Hanavan\AppData\Local\Programs\Python\Python36-32\;C:\Users\Hanavan\AppData\Local\Microsoft\WindowsApps;;C:\Users\Hanavan\eclipse\java-oxygen\eclipse;
USERNAME=Hanavan
OS=Windows_NT
PROCESSOR_IDENTIFIER=AMD64 Family 21 Model 2 Stepping 0, AuthenticAMD



---------------  S Y S T E M  ---------------

OS: Windows 10.0 , 64 bit Build 14393 (10.0.14393.1198)

CPU:total 8 (8 cores per cpu, 1 threads per core) family 21 model 2 stepping 0, cmov, cx8, fxsr, mmx, sse, sse2, sse3, ssse3, sse4.1, sse4.2, popcnt, avx, aes, clmul, mmxext, 3dnowpref, lzcnt, sse4a, tsc, tscinvbit, tscinv, bmi1

Memory: 4k page, physical 16674948k(9275948k free), swap 33452164k(22917420k free)

vm_info: Java HotSpot(TM) 64-Bit Server VM (25.66-b17) for windows-amd64 JRE (1.8.0_66-b17), built on Oct  6 2015 18:55:33 by "java_re" with MS VC++ 10.0 (VS2010)

time: Wed Dec 20 22:13:39 2017
elapsed time: 1 seconds (0d 0h 0m 1s)

