#
# A fatal error has been detected by the Java Runtime Environment:
#
#  EXCEPTION_ACCESS_VIOLATION (0xc0000005) at pc=0x0000000069c71150, pid=12592, tid=19676
#
# JRE version: Java(TM) SE Runtime Environment (8.0_66-b17) (build 1.8.0_66-b17)
# Java VM: Java HotSpot(TM) 64-Bit Server VM (25.66-b17 mixed mode windows-amd64 compressed oops)
# Problematic frame:
# C  [nvoglv64.DLL+0x1031150]
#
# Failed to write core dump. Minidumps are not enabled by default on client versions of Windows
#
# If you would like to submit a bug report, please visit:
#   http://bugreport.java.com/bugreport/crash.jsp
# The crash happened outside the Java Virtual Machine in native code.
# See problematic frame for where to report the bug.
#

---------------  T H R E A D  ---------------

Current thread (0x00000000027be800):  JavaThread "main" [_thread_in_native, id=19676, stack(0x00000000025e0000,0x00000000026e0000)]

siginfo: ExceptionCode=0xc0000005, reading address 0x0000000000000000

Registers:
RAX=0x0000000000000050, RBX=0x000000002040f3b8, RCX=0x00000000253286c8, RDX=0xffffffffdacd7938
RSP=0x00000000026df198, RBP=0x0000000000000001, RSI=0x0000000000000005, RDI=0x00000000253286c8
R8 =0x0000000000000050, R9 =0x0000000000000005, R10=0x0000000000000000, R11=0x00000000253286c8
R12=0x0000000000000000, R13=0x0000000068c40000, R14=0x0000000000000000, R15=0x000000002040f138
RIP=0x0000000069c71150, EFLAGS=0x0000000000010283

Top of Stack: (sp=0x00000000026df198)
0x00000000026df198:   00000000697c02fa 000000001bd83d78
0x00000000026df1a8:   00000000026df308 00000000027be010
0x00000000026df1b8:   000000006965872b 00000000027be800
0x00000000026df1c8:   0000000000000005 0000000000000000
0x00000000026df1d8:   000000000003010b 000000002040f138
0x00000000026df1e8:   00000000697c10e2 000000002040e080
0x00000000026df1f8:   0000000000000001 0000000000000000
0x00000000026df208:   00000000028d5686 00000000027be800
0x00000000026df218:   00000000026df308 000000001bd83d78
0x00000000026df228:   0000000000000000 000000001bde7738
0x00000000026df238:   00000000028d57f4 000000001bd83d78
0x00000000026df248:   00000000026df2c8 000000001bde7738
0x00000000026df258:   00000000028d556b 0000000000000000
0x00000000026df268:   0000000000000005 000000001bde7738
0x00000000026df278:   00000000027be800 00000000028d5522
0x00000000026df288:   00000000026df288 000000001bd83d78 

Instructions: (pc=0x0000000069c71150)
0x0000000069c71130:   29 41 c0 0f 29 49 d0 0f 10 44 0a e0 0f 10 4c 0a
0x0000000069c71140:   f0 75 ad 0f 29 41 e0 49 83 e0 7f 0f 28 c1 eb 0c
0x0000000069c71150:   0f 10 04 0a 48 83 c1 10 49 83 e8 10 4d 8b c8 49
0x0000000069c71160:   c1 e9 04 74 1c 66 66 66 0f 1f 84 00 00 00 00 00 


Register to memory mapping:

RAX=0x0000000000000050 is an unknown value
RBX=0x000000002040f3b8 is an unknown value
RCX=0x00000000253286c8 is an unknown value
RDX=0xffffffffdacd7938 is an unknown value
RSP=0x00000000026df198 is pointing into the stack for thread: 0x00000000027be800
RBP=0x0000000000000001 is an unknown value
RSI=0x0000000000000005 is an unknown value
RDI=0x00000000253286c8 is an unknown value
R8 =0x0000000000000050 is an unknown value
R9 =0x0000000000000005 is an unknown value
R10=0x0000000000000000 is an unknown value
R11=0x00000000253286c8 is an unknown value
R12=0x0000000000000000 is an unknown value
R13=0x0000000068c40000 is an unknown value
R14=0x0000000000000000 is an unknown value
R15=0x000000002040f138 is an unknown value


Stack: [0x00000000025e0000,0x00000000026e0000],  sp=0x00000000026df198,  free space=1020k
Native frames: (J=compiled Java code, j=interpreted, Vv=VM code, C=native code)
C  [nvoglv64.DLL+0x1031150]
C  [nvoglv64.DLL+0xb802fa]
C  [nvoglv64.DLL+0xb810e2]
C  0x00000000028d57f4

Java frames: (J=compiled Java code, j=interpreted, Vv=VM code)
j  org.lwjgl.system.JNI.callV(JIII)V+0
j  org.lwjgl.opengl.GL11.glDrawArrays(III)V+11
j  com.glutilities.buffer.VBO.draw()V+51
j  simulator.main.GameRenderer.render(Lcom/glutilities/ui/RenderContext;)V+66
j  com.glutilities.ui.GLWindow.loop()V+18
j  simulator.main.Main.main([Ljava/lang/String;)V+44
v  ~StubRoutines::call_stub

---------------  P R O C E S S  ---------------

Java Threads: ( => current thread )
  0x000000001e4a7000 JavaThread "Service Thread" daemon [_thread_blocked, id=16860, stack(0x000000001ede0000,0x000000001eee0000)]
  0x000000001e416800 JavaThread "C1 CompilerThread3" daemon [_thread_blocked, id=15308, stack(0x000000001ece0000,0x000000001ede0000)]
  0x000000001e410000 JavaThread "C2 CompilerThread2" daemon [_thread_blocked, id=228, stack(0x000000001ebe0000,0x000000001ece0000)]
  0x000000001e40c000 JavaThread "C2 CompilerThread1" daemon [_thread_blocked, id=23088, stack(0x000000001eae0000,0x000000001ebe0000)]
  0x000000001c30d800 JavaThread "C2 CompilerThread0" daemon [_thread_blocked, id=21888, stack(0x000000001e9e0000,0x000000001eae0000)]
  0x000000001c30c800 JavaThread "Attach Listener" daemon [_thread_blocked, id=17012, stack(0x000000001e8e0000,0x000000001e9e0000)]
  0x000000001c30b800 JavaThread "Signal Dispatcher" daemon [_thread_blocked, id=22048, stack(0x000000001e7e0000,0x000000001e8e0000)]
  0x00000000028bb000 JavaThread "Finalizer" daemon [_thread_blocked, id=2164, stack(0x000000001e1f0000,0x000000001e2f0000)]
  0x000000001c2fd800 JavaThread "Reference Handler" daemon [_thread_blocked, id=22296, stack(0x000000001e0f0000,0x000000001e1f0000)]
=>0x00000000027be800 JavaThread "main" [_thread_in_native, id=19676, stack(0x00000000025e0000,0x00000000026e0000)]

Other Threads:
  0x000000001c2f9000 VMThread [stack: 0x000000001dff0000,0x000000001e0f0000] [id=12420]
  0x000000001e4d2000 WatcherThread [stack: 0x000000001eee0000,0x000000001efe0000] [id=2436]

VM state:not at safepoint (normal execution)

VM Mutex/Monitor currently owned by a thread: None

Heap:
 PSYoungGen      total 76288K, used 17321K [0x000000076b300000, 0x0000000770800000, 0x00000007c0000000)
  eden space 65536K, 26% used [0x000000076b300000,0x000000076c3ea668,0x000000076f300000)
  from space 10752K, 0% used [0x000000076fd80000,0x000000076fd80000,0x0000000770800000)
  to   space 10752K, 0% used [0x000000076f300000,0x000000076f300000,0x000000076fd80000)
 ParOldGen       total 175104K, used 0K [0x00000006c1800000, 0x00000006cc300000, 0x000000076b300000)
  object space 175104K, 0% used [0x00000006c1800000,0x00000006c1800000,0x00000006cc300000)
 Metaspace       used 8680K, capacity 8893K, committed 9088K, reserved 1056768K
  class space    used 764K, capacity 841K, committed 896K, reserved 1048576K

Card table byte_map: [0x0000000011c80000,0x0000000012480000] byte_map_base: 0x000000000e674000

Marking Bits: (ParMarkBitMap*) 0x000000006b71a5b0
 Begin Bits: [0x00000000131d0000, 0x0000000017170000)
 End Bits:   [0x0000000017170000, 0x000000001b110000)

Polling page: 0x0000000000e30000

CodeCache: size=245760Kb used=2495Kb max_used=2495Kb free=243264Kb
 bounds [0x00000000028c0000, 0x0000000002b40000, 0x00000000118c0000]
 total_blobs=1341 nmethods=542 adapters=713
 compilation: enabled

Compilation events (10 events):
Event: 1.439 Thread 0x000000001e416800 nmethod 533 0x0000000002b2b050 code [0x0000000002b2b1e0, 0x0000000002b2b628]
Event: 1.439 Thread 0x000000001e416800  537       3       java.lang.invoke.LambdaForm::internArgument (84 bytes)
Event: 1.440 Thread 0x000000001e416800 nmethod 537 0x0000000002b2b710 code [0x0000000002b2b8a0, 0x0000000002b2bd28]
Event: 1.440 Thread 0x000000001e416800  540       1       java.lang.invoke.MethodType::parameterType (7 bytes)
Event: 1.440 Thread 0x000000001e416800 nmethod 540 0x0000000002b2bfd0 code [0x0000000002b2c120, 0x0000000002b2c250]
Event: 1.440 Thread 0x000000001e416800  538       3       java.lang.invoke.InvokerBytecodeGenerator::emitImplicitConversion (159 bytes)
Event: 1.441 Thread 0x000000001e416800 nmethod 538 0x0000000002b2c310 code [0x0000000002b2c5c0, 0x0000000002b2d878]
Event: 1.441 Thread 0x000000001e416800  539       3       java.lang.invoke.MethodType::equals (29 bytes)
Event: 1.441 Thread 0x000000001e416800 nmethod 539 0x0000000002b2e010 code [0x0000000002b2e1a0, 0x0000000002b2e6e8]
Event: 1.442 Thread 0x000000001e416800  541       3       com.glutilities.util.matrix.Matrix4f::set (102 bytes)

GC Heap History (0 events):
No events

Deoptimization events (2 events):
Event: 1.401 Thread 0x00000000027be800 Uncommon trap: reason=unstable_if action=reinterpret pc=0x0000000002af91e4 method=sun.misc.MetaIndex.mayContain(Ljava/lang/String;)Z @ 13
Event: 1.401 Thread 0x00000000027be800 Uncommon trap: reason=unstable_if action=reinterpret pc=0x0000000002aeaa8c method=sun.misc.MetaIndex.mayContain(Ljava/lang/String;)Z @ 13

Internal exceptions (8 events):
Event: 0.047 Thread 0x00000000027be800 Exception <a 'java/lang/NoSuchMethodError': Method sun.misc.Unsafe.defineClass(Ljava/lang/String;[BII)Ljava/lang/Class; name or signature does not match> (0x000000076b30e008) thrown at [C:\re\workspace\8-2-build-windows-amd64-cygwin\jdk8u66\4988\hotspot\srZqšÈ-¨?
Event: 0.047 Thread 0x00000000027be800 Exception <a 'java/lang/NoSuchMethodError': Method sun.misc.Unsafe.prefetchRead(Ljava/lang/Object;J)V name or signature does not match> (0x000000076b30e2f0) thrown at [C:\re\workspace\8-2-build-windows-amd64-cygwin\jdk8u66\4988\hotspot\src\share\vm\prims\j¿ñ¸ÏHøÈ?
Event: 0.195 Thread 0x00000000027be800 Exception <a 'java/lang/NoSuchFieldError': method resolution failed> (0x000000076b7c8388) thrown at [C:\re\workspace\8-2-build-windows-amd64-cygwin\jdk8u66\4988\hotspot\src\share\vm\prims\methodHandles.cpp, line 1146]
Event: 0.197 Thread 0x00000000027be800 Exception <a 'java/lang/NoSuchFieldError': method resolution failed> (0x000000076b7d5708) thrown at [C:\re\workspace\8-2-build-windows-amd64-cygwin\jdk8u66\4988\hotspot\src\share\vm\prims\methodHandles.cpp, line 1146]
Event: 0.226 Thread 0x00000000027be800 Exception <a 'java/security/PrivilegedActionException'> (0x000000076b875750) thrown at [C:\re\workspace\8-2-build-windows-amd64-cygwin\jdk8u66\4988\hotspot\src\share\vm\prims\jvm.cpp, line 1386]
Event: 0.226 Thread 0x00000000027be800 Exception <a 'java/security/PrivilegedActionException'> (0x000000076b875960) thrown at [C:\re\workspace\8-2-build-windows-amd64-cygwin\jdk8u66\4988\hotspot\src\share\vm\prims\jvm.cpp, line 1386]
Event: 0.227 Thread 0x00000000027be800 Exception <a 'java/security/PrivilegedActionException'> (0x000000076b879508) thrown at [C:\re\workspace\8-2-build-windows-amd64-cygwin\jdk8u66\4988\hotspot\src\share\vm\prims\jvm.cpp, line 1386]
Event: 0.227 Thread 0x00000000027be800 Exception <a 'java/security/PrivilegedActionException'> (0x000000076b879718) thrown at [C:\re\workspace\8-2-build-windows-amd64-cygwin\jdk8u66\4988\hotspot\src\share\vm\prims\jvm.cpp, line 1386]

Events (10 events):
Event: 1.439 loading class org/lwjgl/glfw/GLFWCursorPosCallback$Container
Event: 1.439 loading class org/lwjgl/glfw/GLFWCursorPosCallback$Container done
Event: 1.440 loading class com/glutilities/ui/GLWindow
Event: 1.440 loading class com/glutilities/ui/GLWindow done
Event: 1.440 loading class org/lwjgl/glfw/GLFWCharCallback
Event: 1.440 loading class org/lwjgl/glfw/GLFWCharCallback done
Event: 1.440 loading class org/lwjgl/glfw/GLFWCharCallback$Container
Event: 1.440 loading class org/lwjgl/glfw/GLFWCharCallback$Container done
Event: 1.441 loading class com/glutilities/util/OpenGL
Event: 1.441 loading class com/glutilities/util/OpenGL done


Dynamic libraries:
0x00007ff6a5710000 - 0x00007ff6a5747000 	C:\Program Files\Java\jre1.8.0_66\bin\javaw.exe
0x00007ffbd4fd0000 - 0x00007ffbd51a2000 	C:\WINDOWS\SYSTEM32\ntdll.dll
0x00007ffbd48c0000 - 0x00007ffbd496c000 	C:\WINDOWS\System32\KERNEL32.DLL
0x00007ffbd1fa0000 - 0x00007ffbd21bd000 	C:\WINDOWS\System32\KERNELBASE.dll
0x00007ffbd4970000 - 0x00007ffbd4a12000 	C:\WINDOWS\System32\ADVAPI32.dll
0x00007ffbd4e00000 - 0x00007ffbd4e9e000 	C:\WINDOWS\System32\msvcrt.dll
0x00007ffbd4000000 - 0x00007ffbd4059000 	C:\WINDOWS\System32\sechost.dll
0x00007ffbd4ea0000 - 0x00007ffbd4fc1000 	C:\WINDOWS\System32\RPCRT4.dll
0x00007ffbd25a0000 - 0x00007ffbd2705000 	C:\WINDOWS\System32\USER32.dll
0x00007ffbd14b0000 - 0x00007ffbd14ce000 	C:\WINDOWS\System32\win32u.dll
0x00007ffbd2a80000 - 0x00007ffbd2ab4000 	C:\WINDOWS\System32\GDI32.dll
0x00007ffbd1620000 - 0x00007ffbd17a0000 	C:\WINDOWS\System32\gdi32full.dll
0x00007ffbc7d90000 - 0x00007ffbc800a000 	C:\WINDOWS\WinSxS\amd64_microsoft.windows.common-controls_6595b64144ccf1df_6.0.14393.953_none_42151e83c686086b\COMCTL32.dll
0x00007ffbd4a80000 - 0x00007ffbd4d48000 	C:\WINDOWS\System32\combase.dll
0x00007ffbd2440000 - 0x00007ffbd2535000 	C:\WINDOWS\System32\ucrtbase.dll
0x00007ffbd17a0000 - 0x00007ffbd180a000 	C:\WINDOWS\System32\bcryptPrimitives.dll
0x00007ffbd42e0000 - 0x00007ffbd430e000 	C:\WINDOWS\System32\IMM32.DLL
0x000000006c170000 - 0x000000006c242000 	C:\Program Files\Java\jre1.8.0_66\bin\msvcr100.dll
0x000000006af10000 - 0x000000006b799000 	C:\Program Files\Java\jre1.8.0_66\bin\server\jvm.dll
0x00007ffbd4840000 - 0x00007ffbd4848000 	C:\WINDOWS\System32\PSAPI.DLL
0x00007ffbc20d0000 - 0x00007ffbc20d9000 	C:\WINDOWS\SYSTEM32\WSOCK32.dll
0x00007ffbccea0000 - 0x00007ffbcceaa000 	C:\WINDOWS\SYSTEM32\VERSION.dll
0x00007ffbcf040000 - 0x00007ffbcf063000 	C:\WINDOWS\SYSTEM32\WINMM.dll
0x00007ffbd2a10000 - 0x00007ffbd2a7a000 	C:\WINDOWS\System32\WS2_32.dll
0x00007ffbcf010000 - 0x00007ffbcf03b000 	C:\WINDOWS\SYSTEM32\WINMMBASE.dll
0x00007ffbd23f0000 - 0x00007ffbd2432000 	C:\WINDOWS\System32\cfgmgr32.dll
0x000000006c160000 - 0x000000006c16f000 	C:\Program Files\Java\jre1.8.0_66\bin\verify.dll
0x000000006c130000 - 0x000000006c159000 	C:\Program Files\Java\jre1.8.0_66\bin\java.dll
0x000000006c110000 - 0x000000006c126000 	C:\Program Files\Java\jre1.8.0_66\bin\zip.dll
0x00007ffbd2ac0000 - 0x00007ffbd3fc8000 	C:\WINDOWS\System32\SHELL32.dll
0x00007ffbd18c0000 - 0x00007ffbd1f98000 	C:\WINDOWS\System32\windows.storage.dll
0x00007ffbd1420000 - 0x00007ffbd146c000 	C:\WINDOWS\System32\powrprof.dll
0x00007ffbd2540000 - 0x00007ffbd2592000 	C:\WINDOWS\System32\shlwapi.dll
0x00007ffbd14a0000 - 0x00007ffbd14af000 	C:\WINDOWS\System32\kernel.appcore.dll
0x00007ffbd1810000 - 0x00007ffbd18b9000 	C:\WINDOWS\System32\shcore.dll
0x00007ffbd1470000 - 0x00007ffbd1484000 	C:\WINDOWS\System32\profapi.dll
0x00007ffbbde10000 - 0x00007ffbbdede000 	C:\Users\Hanavan\Documents\Projects\GLUtilities\lwjgl\native\lwjgl.dll
0x00007ffbd2870000 - 0x00007ffbd29a8000 	C:\WINDOWS\System32\ole32.dll
0x00007ffbd0f10000 - 0x00007ffbd0f1b000 	C:\WINDOWS\SYSTEM32\CRYPTBASE.DLL
0x00007ffbc3ee0000 - 0x00007ffbc3f1c000 	C:\Users\Hanavan\Documents\Projects\GLUtilities\lwjgl\native\glfw.dll
0x00007ffbcfbd0000 - 0x00007ffbcfc65000 	C:\WINDOWS\system32\uxtheme.dll
0x00007ffbc3ce0000 - 0x00007ffbc3d20000 	C:\WINDOWS\SYSTEM32\dinput8.dll
0x00007ffbca340000 - 0x00007ffbca34e000 	C:\WINDOWS\SYSTEM32\xinput1_4.dll
0x00007ffbd0160000 - 0x00007ffbd0188000 	C:\WINDOWS\SYSTEM32\DEVOBJ.dll
0x00007ffbce920000 - 0x00007ffbce946000 	C:\WINDOWS\SYSTEM32\dwmapi.dll
0x00007ffba9a30000 - 0x00007ffba9ac8000 	C:\Program Files\Common Files\microsoft shared\ink\tiptsf.dll
0x00007ffbd4080000 - 0x00007ffbd413f000 	C:\WINDOWS\System32\OLEAUT32.dll
0x00007ffbd1580000 - 0x00007ffbd161c000 	C:\WINDOWS\System32\msvcp_win.dll
0x00007ffba9b00000 - 0x00007ffba9c23000 	C:\WINDOWS\SYSTEM32\opengl32.dll
0x00007ffbac470000 - 0x00007ffbac567000 	C:\WINDOWS\SYSTEM32\DDRAW.dll
0x00007ffbc5940000 - 0x00007ffbc596d000 	C:\WINDOWS\SYSTEM32\GLU32.dll
0x00007ffbc9b50000 - 0x00007ffbc9b58000 	C:\WINDOWS\SYSTEM32\DCIMAN32.dll
0x00007ffbd03e0000 - 0x00007ffbd03ec000 	C:\WINDOWS\SYSTEM32\HID.DLL
0x00007ffbd4410000 - 0x00007ffbd4839000 	C:\WINDOWS\System32\SETUPAPI.DLL
0x00007ffbd2390000 - 0x00007ffbd23e5000 	C:\WINDOWS\System32\WINTRUST.dll
0x00007ffbd1490000 - 0x00007ffbd14a0000 	C:\WINDOWS\System32\MSASN1.dll
0x00007ffbd21c0000 - 0x00007ffbd2389000 	C:\WINDOWS\System32\CRYPT32.dll
0x00007ffba08a0000 - 0x00007ffba0987000 	C:\WINDOWS\SYSTEM32\vulkan-1.dll
0x00007ffbd0710000 - 0x00007ffbd0742000 	C:\WINDOWS\SYSTEM32\ntmarta.dll
0x00007ffbd2710000 - 0x00007ffbd286a000 	C:\WINDOWS\System32\MSCTF.dll
0x0000000068c40000 - 0x000000006af07000 	C:\WINDOWS\SYSTEM32\nvoglv64.DLL
0x00007ffbce370000 - 0x00007ffbce383000 	C:\WINDOWS\SYSTEM32\WTSAPI32.dll
0x00007ffbc5660000 - 0x00007ffbc583c000 	C:\WINDOWS\system32\nvspcap64.dll
0x00007ffbce7d0000 - 0x00007ffbce89d000 	C:\WINDOWS\SYSTEM32\WINHTTP.dll
0x00007ffbca520000 - 0x00007ffbca9a0000 	C:\WINDOWS\system32\nvapi64.dll
0x00007ffbd0480000 - 0x00007ffbd051f000 	C:\WINDOWS\SYSTEM32\dxgi.dll
0x00007ffbd4d60000 - 0x00007ffbd4dff000 	C:\WINDOWS\System32\clbcatq.dll
0x00007ffbd12f0000 - 0x00007ffbd1388000 	C:\WINDOWS\SYSTEM32\sxs.dll
0x00007ffbd0660000 - 0x00007ffbd06b6000 	C:\WINDOWS\SYSTEM32\WINSTA.dll
0x0000000068c20000 - 0x0000000068c3a000 	C:\Program Files\Java\jre1.8.0_66\bin\net.dll
0x00007ffbd0d50000 - 0x00007ffbd0dac000 	C:\WINDOWS\system32\mswsock.dll
0x0000000068c00000 - 0x0000000068c11000 	C:\Program Files\Java\jre1.8.0_66\bin\nio.dll
0x00007ffbc2960000 - 0x00007ffbc299b000 	C:\Users\Hanavan\Documents\Projects\GLUtilities\lwjgl\native\jemalloc.dll
0x00007ffbc1610000 - 0x00007ffbc17a2000 	C:\WINDOWS\SYSTEM32\dbghelp.dll

VM Arguments:
jvm_args: -Djava.library.path=C:\Users\Hanavan\Documents\Projects\GLUtilities\lwjgl\native;C:\Users\Hanavan\Documents\Projects\GLUtilities\lwjgl\native -Dfile.encoding=Cp1252 
java_command: simulator.main.Main
java_class_path (initial): C:\Program Files\Java\jre1.8.0_66\lib\resources.jar;C:\Program Files\Java\jre1.8.0_66\lib\rt.jar;C:\Program Files\Java\jre1.8.0_66\lib\jsse.jar;C:\Program Files\Java\jre1.8.0_66\lib\jce.jar;C:\Program Files\Java\jre1.8.0_66\lib\charsets.jar;C:\Program Files\Java\jre1.8.0_66\lib\jfr.jar;C:\Program Files\Java\jre1.8.0_66\lib\ext\access-bridge-64.jar;C:\Program Files\Java\jre1.8.0_66\lib\ext\cldrdata.jar;C:\Program Files\Java\jre1.8.0_66\lib\ext\dnsns.jar;C:\Program Files\Java\jre1.8.0_66\lib\ext\jaccess.jar;C:\Program Files\Java\jre1.8.0_66\lib\ext\jfxrt.jar;C:\Program Files\Java\jre1.8.0_66\lib\ext\localedata.jar;C:\Program Files\Java\jre1.8.0_66\lib\ext\nashorn.jar;C:\Program Files\Java\jre1.8.0_66\lib\ext\sunec.jar;C:\Program Files\Java\jre1.8.0_66\lib\ext\sunjce_provider.jar;C:\Program Files\Java\jre1.8.0_66\lib\ext\sunmscapi.jar;C:\Program Files\Java\jre1.8.0_66\lib\ext\sunpkcs11.jar;C:\Program Files\Java\jre1.8.0_66\lib\ext\zipfs.jar;C:\Users\Hanavan\Documents\Projects\TrainSimulator\bin;C:\Users\Hanavan\Documents\Projects\GLUtilities\target\classes;C:\Users\Hanavan\Documents\Projects\GLUtilities\lwjgl\jar\lwjgl.jar;C:\Users\Hanavan\.m2\repository\org\lwjgl\lwjgl\3.1.3\lwjgl-3.1.3.jar;C:\Users\Hanavan\.m2\repository\org\lwjgl\lwjgl-glfw\3.1.3\lwjgl-glfw-3.1.3.jar;C:\Users\Hanavan\.m2\repository\org\lwjgl\lwjgl-jemalloc\3.1.3\lwjgl-jemalloc-3.1.3.jar;C:\Users\Hanavan\.m2\repository\org\lwjgl\lwjgl-openal\3.1.3\lwjgl-openal-3.1.3.jar;C:\Users\Hanavan\.m2\repository\org\lwjgl\lwjgl-opengl\3.1.3\lwjgl-opengl-3.1.3.jar;C:\Users\Hanavan\.m2\repository\org\lwjgl\lwjgl-stb\3.1.3\lwjgl-stb-3.1.3.jar;C:\Users\Hanavan\.m2\repository\org\lwjgl\lwjgl\3.1.3\lwjgl-3.1.3-natives-windows.jar;C:\Users\Hanavan\.m2\repository\org\lwjgl\lwjgl-glfw\3.1.3\lwjgl-glfw-3.1.3-natives-windows.jar;C:\Users\Hanavan\.m2\repository\org\lwjgl\lwjgl-jemalloc\3.1.3\lwjgl-jemalloc-3.1.3-natives-windows.jar;C:\Users\Hanavan\.m2\repository\org\lwjgl\lwjgl-openal\3.1.3\lw
Launcher Type: SUN_STANDARD

Environment Variables:
JAVA_HOME=C:\Program Files\Java\jdk1.8.0_65
PATH=C:/Program Files/Java/jdk1.8.0_65/bin/../jre/bin/server;C:/Program Files/Java/jdk1.8.0_65/bin/../jre/bin;C:/Program Files/Java/jdk1.8.0_65/bin/../jre/lib/amd64;C:\Program Files\Common Files\Microsoft Shared\Windows Live;C:\Program Files (x86)\Common Files\Microsoft Shared\Windows Live;C:\WINDOWS\system32;C:\WINDOWS;C:\WINDOWS\System32\Wbem;C:\WINDOWS\System32\WindowsPowerShell\v1.0\;C:\Program Files (x86)\QuickTime\QTSystem\;C:\Program Files\Microsoft SQL Server\110\Tools\Binn\;C:\Program Files (x86)\Microsoft SDKs\TypeScript\1.0\;C:\Program Files (x86)\Windows Live\Shared;C:\Users\Hanavan\.dnx\bin;C:\Program Files\Microsoft DNX\Dnvm\;C:\Program Files (x86)\NVIDIA Corporation\PhysX\Common;C:\WINDOWS\system32;C:\WINDOWS;C:\WINDOWS\System32\Wbem;C:\WINDOWS\System32\WindowsPowerShell\v1.0\;C:\Program Files\Java\jdk1.8.0_66\bin;C:\Program Files\Common Files\Autodesk Shared\;C:\Program Files (x86)\Autodesk\Backburner\;C:\Program Files\Java\jdk1.8.0_65\bin;C:\Program Files (x86)\Microsoft SQL Server\110\Tools\Binn\;C:\Program Files\Microsoft SQL Server\110\DTS\Binn\;C:\Program Files (x86)\Microsoft SQL Server\110\Tools\Binn\ManagementStudio\;C:\Program Files (x86)\Microsoft SQL Server\110\DTS\Binn\;C:\Program Files (x86)\Skype\Phone\;C:\Program Files\PuTTY\;C:\TDM-GCC-64\bin;C:\Program Files\Microsoft SQL Server\130\Tools\Binn\;C:\Program Files\MiKTeX 2.9\miktex\bin\x64\;C:\Program Files\Gource\cmd;C:\Program Files\dotnet\;C:\Users\Hanavan\AppData\Local\Programs\Python\Python36-32\Scripts\;C:\Users\Hanavan\AppData\Local\Programs\Python\Python36-32\;C:\Users\Hanavan\AppData\Local\Microsoft\WindowsApps;;C:\Users\Hanavan\eclipse\java-oxygen\eclipse;
USERNAME=Hanavan
OS=Windows_NT
PROCESSOR_IDENTIFIER=AMD64 Family 21 Model 2 Stepping 0, AuthenticAMD



---------------  S Y S T E M  ---------------

OS: Windows 10.0 , 64 bit Build 14393 (10.0.14393.1198)

CPU:total 8 (8 cores per cpu, 1 threads per core) family 21 model 2 stepping 0, cmov, cx8, fxsr, mmx, sse, sse2, sse3, ssse3, sse4.1, sse4.2, popcnt, avx, aes, clmul, mmxext, 3dnowpref, lzcnt, sse4a, tsc, tscinvbit, tscinv, bmi1

Memory: 4k page, physical 16674948k(9246984k free), swap 33452164k(22867652k free)

vm_info: Java HotSpot(TM) 64-Bit Server VM (25.66-b17) for windows-amd64 JRE (1.8.0_66-b17), built on Oct  6 2015 18:55:33 by "java_re" with MS VC++ 10.0 (VS2010)

time: Wed Dec 20 22:11:40 2017
elapsed time: 1 seconds (0d 0h 0m 1s)

