#
# A fatal error has been detected by the Java Runtime Environment:
#
#  EXCEPTION_ACCESS_VIOLATION (0xc0000005) at pc=0x0000000069c110a0, pid=16620, tid=22988
#
# JRE version: Java(TM) SE Runtime Environment (8.0_66-b17) (build 1.8.0_66-b17)
# Java VM: Java HotSpot(TM) 64-Bit Server VM (25.66-b17 mixed mode windows-amd64 compressed oops)
# Problematic frame:
# C  [nvoglv64.DLL+0x10310a0]
#
# Failed to write core dump. Minidumps are not enabled by default on client versions of Windows
#
# If you would like to submit a bug report, please visit:
#   http://bugreport.java.com/bugreport/crash.jsp
# The crash happened outside the Java Virtual Machine in native code.
# See problematic frame for where to report the bug.
#

---------------  T H R E A D  ---------------

Current thread (0x0000000003333000):  JavaThread "main" [_thread_in_native, id=22988, stack(0x0000000003230000,0x0000000003330000)]

siginfo: ExceptionCode=0xc0000005, reading address 0x0000000000000000

Registers:
RAX=0x0000000000000140, RBX=0x000000002117b3b8, RCX=0x0000000026099d18, RDX=0xffffffffd9f662e8
RSP=0x000000000332eea8, RBP=0x0000000000000001, RSI=0x0000000000000014, RDI=0x0000000026099d18
R8 =0x0000000000000140, R9 =0x0000000000000014, R10=0x0000000000000000, R11=0x0000000026099d18
R12=0x0000000000000000, R13=0x0000000068be0000, R14=0x0000000000000000, R15=0x000000002117b138
RIP=0x0000000069c110a0, EFLAGS=0x0000000000010206

Top of Stack: (sp=0x000000000332eea8)
0x000000000332eea8:   00000000697602fa 000000001c8f64e8
0x000000000332eeb8:   000000000332f018 0000000003332120
0x000000000332eec8:   00000000695f872b 0000000003333000
0x000000000332eed8:   0000000000000014 0000000000000000
0x000000000332eee8:   00000000000a810b 000000002117b138
0x000000000332eef8:   00000000697610e2 000000002117a080
0x000000000332ef08:   0000000000000001 0000000000000000
0x000000000332ef18:   000000000344d6e0 0000000003333000
0x000000000332ef28:   000000000332f018 000000001c8f64e8
0x000000000332ef38:   0000000000000000 00000007c00662f0
0x000000000332ef48:   000000000344d98c 000000001c8f64e8
0x000000000332ef58:   000000000332efd8 00000000f8019159
0x000000000332ef68:   000000000344d557 0000000000000000
0x000000000332ef78:   0000000000000014 00000007c00662f0
0x000000000332ef88:   0000000003333000 000000000344d511
0x000000000332ef98:   000000000332ef98 000000001c8f64e8 

Instructions: (pc=0x0000000069c110a0)
0x0000000069c11080:   4c 8b 02 8b 4a 08 44 0f b7 4a 0c 44 0f b6 52 0e
0x0000000069c11090:   4c 89 00 89 48 08 66 44 89 48 0c 44 88 50 0e c3
0x0000000069c110a0:   0f 10 04 0a 4c 03 c1 48 83 c1 10 41 f6 c3 0f 74
0x0000000069c110b0:   13 0f 28 c8 48 83 e1 f0 0f 10 04 0a 48 83 c1 10 


Register to memory mapping:

RAX=0x0000000000000140 is an unknown value
RBX=0x000000002117b3b8 is an unknown value
RCX=0x0000000026099d18 is an unknown value
RDX=0xffffffffd9f662e8 is an unknown value
RSP=0x000000000332eea8 is pointing into the stack for thread: 0x0000000003333000
RBP=0x0000000000000001 is an unknown value
RSI=0x0000000000000014 is an unknown value
RDI=0x0000000026099d18 is an unknown value
R8 =0x0000000000000140 is an unknown value
R9 =0x0000000000000014 is an unknown value
R10=0x0000000000000000 is an unknown value
R11=0x0000000026099d18 is an unknown value
R12=0x0000000000000000 is an unknown value
R13=0x0000000068be0000 is an unknown value
R14=0x0000000000000000 is an unknown value
R15=0x000000002117b138 is an unknown value


Stack: [0x0000000003230000,0x0000000003330000],  sp=0x000000000332eea8,  free space=1019k
Native frames: (J=compiled Java code, j=interpreted, Vv=VM code, C=native code)
C  [nvoglv64.DLL+0x10310a0]
C  [nvoglv64.DLL+0xb802fa]
C  [nvoglv64.DLL+0xb810e2]
C  0x000000000344d98c

Java frames: (J=compiled Java code, j=interpreted, Vv=VM code)
j  org.lwjgl.system.JNI.callV(JIII)V+0
j  org.lwjgl.opengl.GL11.glDrawArrays(III)V+11
j  com.glutilities.buffer.VBO.draw()V+51
j  simulator.main.GameRenderer.render(Lcom/glutilities/ui/RenderContext;)V+66
j  com.glutilities.ui.GLWindow.loop()V+18
j  simulator.main.Main.main([Ljava/lang/String;)V+44
v  ~StubRoutines::call_stub

---------------  P R O C E S S  ---------------

Java Threads: ( => current thread )
  0x000000001f02c800 JavaThread "Service Thread" daemon [_thread_blocked, id=8432, stack(0x000000001ff70000,0x0000000020070000)]
  0x000000001ef92000 JavaThread "C1 CompilerThread3" daemon [_thread_blocked, id=19612, stack(0x000000001fe70000,0x000000001ff70000)]
  0x000000001ef90800 JavaThread "C2 CompilerThread2" daemon [_thread_blocked, id=22716, stack(0x000000001fd70000,0x000000001fe70000)]
  0x000000001ef87800 JavaThread "C2 CompilerThread1" daemon [_thread_blocked, id=21864, stack(0x000000001fc70000,0x000000001fd70000)]
  0x000000001ef7e800 JavaThread "C2 CompilerThread0" daemon [_thread_blocked, id=17056, stack(0x000000001fb70000,0x000000001fc70000)]
  0x000000001ef74000 JavaThread "JDWP Command Reader" daemon [_thread_in_native, id=22532, stack(0x000000001fa70000,0x000000001fb70000)]
  0x000000001ef70800 JavaThread "JDWP Event Helper Thread" daemon [_thread_blocked, id=18336, stack(0x000000001f970000,0x000000001fa70000)]
  0x000000001ef63800 JavaThread "JDWP Transport Listener: dt_socket" daemon [_thread_blocked, id=8052, stack(0x000000001f870000,0x000000001f970000)]
  0x000000001ef5a800 JavaThread "Attach Listener" daemon [_thread_blocked, id=9596, stack(0x000000001f430000,0x000000001f530000)]
  0x000000001ef5a000 JavaThread "Signal Dispatcher" daemon [_thread_blocked, id=18352, stack(0x000000001f330000,0x000000001f430000)]
  0x000000000342b800 JavaThread "Finalizer" daemon [_thread_blocked, id=14004, stack(0x000000001ed40000,0x000000001ee40000)]
  0x0000000003425000 JavaThread "Reference Handler" daemon [_thread_blocked, id=13868, stack(0x000000001ec40000,0x000000001ed40000)]
=>0x0000000003333000 JavaThread "main" [_thread_in_native, id=22988, stack(0x0000000003230000,0x0000000003330000)]

Other Threads:
  0x000000001ce69800 VMThread [stack: 0x000000001eb40000,0x000000001ec40000] [id=16824]
  0x000000001f038000 WatcherThread [stack: 0x0000000020070000,0x0000000020170000] [id=22964]

VM state:not at safepoint (normal execution)

VM Mutex/Monitor currently owned by a thread: None

Heap:
 PSYoungGen      total 76288K, used 18631K [0x000000076b300000, 0x0000000770800000, 0x00000007c0000000)
  eden space 65536K, 28% used [0x000000076b300000,0x000000076c531da0,0x000000076f300000)
  from space 10752K, 0% used [0x000000076fd80000,0x000000076fd80000,0x0000000770800000)
  to   space 10752K, 0% used [0x000000076f300000,0x000000076f300000,0x000000076fd80000)
 ParOldGen       total 175104K, used 0K [0x00000006c1800000, 0x00000006cc300000, 0x000000076b300000)
  object space 175104K, 0% used [0x00000006c1800000,0x00000006c1800000,0x00000006cc300000)
 Metaspace       used 8764K, capacity 8961K, committed 9088K, reserved 1056768K
  class space    used 764K, capacity 841K, committed 896K, reserved 1048576K

Card table byte_map: [0x00000000127f0000,0x0000000012ff0000] byte_map_base: 0x000000000f1e4000

Marking Bits: (ParMarkBitMap*) 0x000000006b71a5b0
 Begin Bits: [0x0000000013d40000, 0x0000000017ce0000)
 End Bits:   [0x0000000017ce0000, 0x000000001bc80000)

Polling page: 0x0000000001870000

CodeCache: size=245760Kb used=2538Kb max_used=2538Kb free=243221Kb
 bounds [0x0000000003430000, 0x00000000036b0000, 0x0000000012430000]
 total_blobs=1333 nmethods=542 adapters=713
 compilation: enabled

Compilation events (10 events):
Event: 1.650 Thread 0x000000001ef7e800 nmethod 532 0x00000000036aa4d0 code [0x00000000036aa640, 0x00000000036aab18]
Event: 1.651 Thread 0x000000001ef92000 nmethod 534 0x00000000036a8dd0 code [0x00000000036a9020, 0x00000000036a9da8]
Event: 1.651 Thread 0x000000001ef92000  536       3       com.glutilities.util.matrix.Matrix4f::<init> (7 bytes)
Event: 1.651 Thread 0x000000001ef92000 nmethod 536 0x00000000036a8710 code [0x00000000036a88a0, 0x00000000036a8be8]
Event: 1.651 Thread 0x000000001ef92000  535       3       java.nio.CharBuffer::arrayOffset (35 bytes)
Event: 1.651 Thread 0x000000001ef92000 nmethod 535 0x00000000036a80d0 code [0x00000000036a8260, 0x00000000036a8598]
Event: 1.651 Thread 0x000000001ef92000  537       3       com.glutilities.util.matrix.Matrixf::<init> (33 bytes)
Event: 1.651 Thread 0x000000001ef92000 nmethod 537 0x00000000036a7ad0 code [0x00000000036a7c60, 0x00000000036a7f48]
Event: 1.651 Thread 0x000000001ef92000  538       3       com.glutilities.util.Vertex2f::getX (5 bytes)
Event: 1.651 Thread 0x000000001ef92000 nmethod 538 0x00000000036a7790 code [0x00000000036a78e0, 0x00000000036a7a30]

GC Heap History (0 events):
No events

Deoptimization events (2 events):
Event: 1.622 Thread 0x0000000003333000 Uncommon trap: reason=unstable_if action=reinterpret pc=0x000000000367fde0 method=sun.misc.MetaIndex.mayContain(Ljava/lang/String;)Z @ 13
Event: 1.622 Thread 0x0000000003333000 Uncommon trap: reason=unstable_if action=reinterpret pc=0x000000000366acbc method=sun.misc.MetaIndex.mayContain(Ljava/lang/String;)Z @ 13

Internal exceptions (8 events):
Event: 0.052 Thread 0x0000000003333000 Exception <a 'java/lang/NoSuchMethodError': Method sun.misc.Unsafe.defineClass(Ljava/lang/String;[BII)Ljava/lang/Class; name or signature does not match> (0x000000076b30e008) thrown at [C:\re\workspace\8-2-build-windows-amd64-cygwin\jdk8u66\4988\hotspot\srêR#D±ª?
Event: 0.052 Thread 0x0000000003333000 Exception <a 'java/lang/NoSuchMethodError': Method sun.misc.Unsafe.prefetchRead(Ljava/lang/Object;J)V name or signature does not match> (0x000000076b30e2f0) thrown at [C:\re\workspace\8-2-build-windows-amd64-cygwin\jdk8u66\4988\hotspot\src\share\vm\prims\jD‰ø¯T¤Õ?
Event: 0.338 Thread 0x0000000003333000 Exception <a 'java/lang/NoSuchFieldError': method resolution failed> (0x000000076b9100f0) thrown at [C:\re\workspace\8-2-build-windows-amd64-cygwin\jdk8u66\4988\hotspot\src\share\vm\prims\methodHandles.cpp, line 1146]
Event: 0.342 Thread 0x0000000003333000 Exception <a 'java/lang/NoSuchFieldError': method resolution failed> (0x000000076b91d470) thrown at [C:\re\workspace\8-2-build-windows-amd64-cygwin\jdk8u66\4988\hotspot\src\share\vm\prims\methodHandles.cpp, line 1146]
Event: 0.378 Thread 0x0000000003333000 Exception <a 'java/security/PrivilegedActionException'> (0x000000076b9bccd8) thrown at [C:\re\workspace\8-2-build-windows-amd64-cygwin\jdk8u66\4988\hotspot\src\share\vm\prims\jvm.cpp, line 1386]
Event: 0.378 Thread 0x0000000003333000 Exception <a 'java/security/PrivilegedActionException'> (0x000000076b9bcee8) thrown at [C:\re\workspace\8-2-build-windows-amd64-cygwin\jdk8u66\4988\hotspot\src\share\vm\prims\jvm.cpp, line 1386]
Event: 0.379 Thread 0x0000000003333000 Exception <a 'java/security/PrivilegedActionException'> (0x000000076b9c0a90) thrown at [C:\re\workspace\8-2-build-windows-amd64-cygwin\jdk8u66\4988\hotspot\src\share\vm\prims\jvm.cpp, line 1386]
Event: 0.379 Thread 0x0000000003333000 Exception <a 'java/security/PrivilegedActionException'> (0x000000076b9c0ca0) thrown at [C:\re\workspace\8-2-build-windows-amd64-cygwin\jdk8u66\4988\hotspot\src\share\vm\prims\jvm.cpp, line 1386]

Events (10 events):
Event: 28.215 Executing VM operation: GetOrSetLocal
Event: 28.215 Executing VM operation: GetOrSetLocal done
Event: 28.216 Executing VM operation: ChangeSingleStep
Event: 28.216 Executing VM operation: ChangeSingleStep done
Event: 28.217 Executing VM operation: EnterInterpOnlyMode
Event: 28.217 Executing VM operation: EnterInterpOnlyMode done
Event: 28.218 Executing VM operation: GetOrSetLocal
Event: 28.218 Executing VM operation: GetOrSetLocal done
Event: 28.219 loading class com/glutilities/util/OpenGL
Event: 28.219 loading class com/glutilities/util/OpenGL done


Dynamic libraries:
0x00007ff6a5710000 - 0x00007ff6a5747000 	C:\Program Files\Java\jre1.8.0_66\bin\javaw.exe
0x00007ffbd4fd0000 - 0x00007ffbd51a2000 	C:\WINDOWS\SYSTEM32\ntdll.dll
0x00007ffbd48c0000 - 0x00007ffbd496c000 	C:\WINDOWS\System32\KERNEL32.DLL
0x00007ffbd1fa0000 - 0x00007ffbd21bd000 	C:\WINDOWS\System32\KERNELBASE.dll
0x00007ffbd4970000 - 0x00007ffbd4a12000 	C:\WINDOWS\System32\ADVAPI32.dll
0x00007ffbd4e00000 - 0x00007ffbd4e9e000 	C:\WINDOWS\System32\msvcrt.dll
0x00007ffbd4000000 - 0x00007ffbd4059000 	C:\WINDOWS\System32\sechost.dll
0x00007ffbd4ea0000 - 0x00007ffbd4fc1000 	C:\WINDOWS\System32\RPCRT4.dll
0x00007ffbd25a0000 - 0x00007ffbd2705000 	C:\WINDOWS\System32\USER32.dll
0x00007ffbd14b0000 - 0x00007ffbd14ce000 	C:\WINDOWS\System32\win32u.dll
0x00007ffbd2a80000 - 0x00007ffbd2ab4000 	C:\WINDOWS\System32\GDI32.dll
0x00007ffbd1620000 - 0x00007ffbd17a0000 	C:\WINDOWS\System32\gdi32full.dll
0x00007ffbc7d90000 - 0x00007ffbc800a000 	C:\WINDOWS\WinSxS\amd64_microsoft.windows.common-controls_6595b64144ccf1df_6.0.14393.953_none_42151e83c686086b\COMCTL32.dll
0x00007ffbd4a80000 - 0x00007ffbd4d48000 	C:\WINDOWS\System32\combase.dll
0x00007ffbd2440000 - 0x00007ffbd2535000 	C:\WINDOWS\System32\ucrtbase.dll
0x00007ffbd17a0000 - 0x00007ffbd180a000 	C:\WINDOWS\System32\bcryptPrimitives.dll
0x00007ffbd42e0000 - 0x00007ffbd430e000 	C:\WINDOWS\System32\IMM32.DLL
0x000000006c170000 - 0x000000006c242000 	C:\Program Files\Java\jre1.8.0_66\bin\msvcr100.dll
0x000000006af10000 - 0x000000006b799000 	C:\Program Files\Java\jre1.8.0_66\bin\server\jvm.dll
0x00007ffbd4840000 - 0x00007ffbd4848000 	C:\WINDOWS\System32\PSAPI.DLL
0x00007ffbc20d0000 - 0x00007ffbc20d9000 	C:\WINDOWS\SYSTEM32\WSOCK32.dll
0x00007ffbccea0000 - 0x00007ffbcceaa000 	C:\WINDOWS\SYSTEM32\VERSION.dll
0x00007ffbcf040000 - 0x00007ffbcf063000 	C:\WINDOWS\SYSTEM32\WINMM.dll
0x00007ffbcf010000 - 0x00007ffbcf03b000 	C:\WINDOWS\SYSTEM32\WINMMBASE.dll
0x00007ffbd2a10000 - 0x00007ffbd2a7a000 	C:\WINDOWS\System32\WS2_32.dll
0x00007ffbd23f0000 - 0x00007ffbd2432000 	C:\WINDOWS\System32\cfgmgr32.dll
0x000000006c160000 - 0x000000006c16f000 	C:\Program Files\Java\jre1.8.0_66\bin\verify.dll
0x000000006c130000 - 0x000000006c159000 	C:\Program Files\Java\jre1.8.0_66\bin\java.dll
0x000000006aed0000 - 0x000000006af05000 	C:\Program Files\Java\jre1.8.0_66\bin\jdwp.dll
0x000000006c120000 - 0x000000006c128000 	C:\Program Files\Java\jre1.8.0_66\bin\npt.dll
0x000000006aeb0000 - 0x000000006aec6000 	C:\Program Files\Java\jre1.8.0_66\bin\zip.dll
0x00007ffbd2ac0000 - 0x00007ffbd3fc8000 	C:\WINDOWS\System32\SHELL32.dll
0x00007ffbd18c0000 - 0x00007ffbd1f98000 	C:\WINDOWS\System32\windows.storage.dll
0x00007ffbd1420000 - 0x00007ffbd146c000 	C:\WINDOWS\System32\powrprof.dll
0x00007ffbd2540000 - 0x00007ffbd2592000 	C:\WINDOWS\System32\shlwapi.dll
0x00007ffbd14a0000 - 0x00007ffbd14af000 	C:\WINDOWS\System32\kernel.appcore.dll
0x00007ffbd1810000 - 0x00007ffbd18b9000 	C:\WINDOWS\System32\shcore.dll
0x00007ffbd1470000 - 0x00007ffbd1484000 	C:\WINDOWS\System32\profapi.dll
0x000000006c110000 - 0x000000006c119000 	C:\Program Files\Java\jre1.8.0_66\bin\dt_socket.dll
0x00007ffbbf410000 - 0x00007ffbbf426000 	C:\WINDOWS\system32\napinsp.dll
0x00007ffbbf430000 - 0x00007ffbbf44a000 	C:\WINDOWS\system32\pnrpnsp.dll
0x00007ffbcf0a0000 - 0x00007ffbcf0b8000 	C:\WINDOWS\system32\NLAapi.dll
0x00007ffbd0d50000 - 0x00007ffbd0dac000 	C:\WINDOWS\System32\mswsock.dll
0x00007ffbd0b10000 - 0x00007ffbd0bb1000 	C:\WINDOWS\SYSTEM32\DNSAPI.dll
0x00007ffbd3fd0000 - 0x00007ffbd3fd8000 	C:\WINDOWS\System32\NSI.dll
0x00007ffbd0ad0000 - 0x00007ffbd0b08000 	C:\WINDOWS\SYSTEM32\IPHLPAPI.DLL
0x00007ffbbf450000 - 0x00007ffbbf45e000 	C:\WINDOWS\System32\winrnr.dll
0x00007ffbc7d20000 - 0x00007ffbc7d8a000 	C:\WINDOWS\System32\fwpuclnt.dll
0x00007ffbd1000000 - 0x00007ffbd102b000 	C:\WINDOWS\SYSTEM32\bcrypt.dll
0x00007ffbcef00000 - 0x00007ffbcef0a000 	C:\Windows\System32\rasadhlp.dll
0x00007ffbbde10000 - 0x00007ffbbdede000 	C:\Users\Hanavan\Documents\Projects\GLUtilities\lwjgl\native\lwjgl.dll
0x00007ffbd2870000 - 0x00007ffbd29a8000 	C:\WINDOWS\System32\ole32.dll
0x00007ffbd0f10000 - 0x00007ffbd0f1b000 	C:\WINDOWS\SYSTEM32\CRYPTBASE.DLL
0x00007ffbc3ee0000 - 0x00007ffbc3f1c000 	C:\Users\Hanavan\Documents\Projects\GLUtilities\lwjgl\native\glfw.dll
0x00007ffbcfbd0000 - 0x00007ffbcfc65000 	C:\WINDOWS\system32\uxtheme.dll
0x00007ffbc3ce0000 - 0x00007ffbc3d20000 	C:\WINDOWS\SYSTEM32\dinput8.dll
0x00007ffbca340000 - 0x00007ffbca34e000 	C:\WINDOWS\SYSTEM32\xinput1_4.dll
0x00007ffbd0160000 - 0x00007ffbd0188000 	C:\WINDOWS\SYSTEM32\DEVOBJ.dll
0x00007ffbce920000 - 0x00007ffbce946000 	C:\WINDOWS\SYSTEM32\dwmapi.dll
0x00007ffba9a30000 - 0x00007ffba9ac8000 	C:\Program Files\Common Files\microsoft shared\ink\tiptsf.dll
0x00007ffbd4080000 - 0x00007ffbd413f000 	C:\WINDOWS\System32\OLEAUT32.dll
0x00007ffbd1580000 - 0x00007ffbd161c000 	C:\WINDOWS\System32\msvcp_win.dll
0x00007ffba9b00000 - 0x00007ffba9c23000 	C:\WINDOWS\SYSTEM32\opengl32.dll
0x00007ffbac470000 - 0x00007ffbac567000 	C:\WINDOWS\SYSTEM32\DDRAW.dll
0x00007ffbc5940000 - 0x00007ffbc596d000 	C:\WINDOWS\SYSTEM32\GLU32.dll
0x00007ffbc9b50000 - 0x00007ffbc9b58000 	C:\WINDOWS\SYSTEM32\DCIMAN32.dll
0x00007ffbd03e0000 - 0x00007ffbd03ec000 	C:\WINDOWS\SYSTEM32\HID.DLL
0x00007ffbd4410000 - 0x00007ffbd4839000 	C:\WINDOWS\System32\SETUPAPI.DLL
0x00007ffbd2390000 - 0x00007ffbd23e5000 	C:\WINDOWS\System32\WINTRUST.dll
0x00007ffbd1490000 - 0x00007ffbd14a0000 	C:\WINDOWS\System32\MSASN1.dll
0x00007ffbd21c0000 - 0x00007ffbd2389000 	C:\WINDOWS\System32\CRYPT32.dll
0x00007ffba08a0000 - 0x00007ffba0987000 	C:\WINDOWS\SYSTEM32\vulkan-1.dll
0x00007ffbd0710000 - 0x00007ffbd0742000 	C:\WINDOWS\SYSTEM32\ntmarta.dll
0x00007ffbd2710000 - 0x00007ffbd286a000 	C:\WINDOWS\System32\MSCTF.dll
0x0000000068be0000 - 0x000000006aea7000 	C:\WINDOWS\SYSTEM32\nvoglv64.DLL
0x00007ffbce370000 - 0x00007ffbce383000 	C:\WINDOWS\SYSTEM32\WTSAPI32.dll
0x00007ffbc5660000 - 0x00007ffbc583c000 	C:\WINDOWS\system32\nvspcap64.dll
0x00007ffbce7d0000 - 0x00007ffbce89d000 	C:\WINDOWS\SYSTEM32\WINHTTP.dll
0x00007ffbca520000 - 0x00007ffbca9a0000 	C:\WINDOWS\system32\nvapi64.dll
0x00007ffbd0480000 - 0x00007ffbd051f000 	C:\WINDOWS\SYSTEM32\dxgi.dll
0x00007ffbd4d60000 - 0x00007ffbd4dff000 	C:\WINDOWS\System32\clbcatq.dll
0x00007ffbd12f0000 - 0x00007ffbd1388000 	C:\WINDOWS\SYSTEM32\sxs.dll
0x00007ffbd0660000 - 0x00007ffbd06b6000 	C:\WINDOWS\SYSTEM32\WINSTA.dll
0x0000000068bc0000 - 0x0000000068bda000 	C:\Program Files\Java\jre1.8.0_66\bin\net.dll
0x0000000068ba0000 - 0x0000000068bb1000 	C:\Program Files\Java\jre1.8.0_66\bin\nio.dll
0x00007ffbc2960000 - 0x00007ffbc299b000 	C:\Users\Hanavan\Documents\Projects\GLUtilities\lwjgl\native\jemalloc.dll
0x00007ffbc1610000 - 0x00007ffbc17a2000 	C:\WINDOWS\SYSTEM32\dbghelp.dll

VM Arguments:
jvm_args: -agentlib:jdwp=transport=dt_socket,suspend=y,address=localhost:17539 -Djava.library.path=C:\Users\Hanavan\Documents\Projects\GLUtilities\lwjgl\native;C:\Users\Hanavan\Documents\Projects\GLUtilities\lwjgl\native -Dfile.encoding=Cp1252 
java_command: simulator.main.Main
java_class_path (initial): C:\Program Files\Java\jre1.8.0_66\lib\resources.jar;C:\Program Files\Java\jre1.8.0_66\lib\rt.jar;C:\Program Files\Java\jre1.8.0_66\lib\jsse.jar;C:\Program Files\Java\jre1.8.0_66\lib\jce.jar;C:\Program Files\Java\jre1.8.0_66\lib\charsets.jar;C:\Program Files\Java\jre1.8.0_66\lib\jfr.jar;C:\Program Files\Java\jre1.8.0_66\lib\ext\access-bridge-64.jar;C:\Program Files\Java\jre1.8.0_66\lib\ext\cldrdata.jar;C:\Program Files\Java\jre1.8.0_66\lib\ext\dnsns.jar;C:\Program Files\Java\jre1.8.0_66\lib\ext\jaccess.jar;C:\Program Files\Java\jre1.8.0_66\lib\ext\jfxrt.jar;C:\Program Files\Java\jre1.8.0_66\lib\ext\localedata.jar;C:\Program Files\Java\jre1.8.0_66\lib\ext\nashorn.jar;C:\Program Files\Java\jre1.8.0_66\lib\ext\sunec.jar;C:\Program Files\Java\jre1.8.0_66\lib\ext\sunjce_provider.jar;C:\Program Files\Java\jre1.8.0_66\lib\ext\sunmscapi.jar;C:\Program Files\Java\jre1.8.0_66\lib\ext\sunpkcs11.jar;C:\Program Files\Java\jre1.8.0_66\lib\ext\zipfs.jar;C:\Users\Hanavan\Documents\Projects\TrainSimulator\bin;C:\Users\Hanavan\Documents\Projects\GLUtilities\target\classes;C:\Users\Hanavan\Documents\Projects\GLUtilities\lwjgl\jar\lwjgl.jar;C:\Users\Hanavan\.m2\repository\org\lwjgl\lwjgl\3.1.3\lwjgl-3.1.3.jar;C:\Users\Hanavan\.m2\repository\org\lwjgl\lwjgl-glfw\3.1.3\lwjgl-glfw-3.1.3.jar;C:\Users\Hanavan\.m2\repository\org\lwjgl\lwjgl-jemalloc\3.1.3\lwjgl-jemalloc-3.1.3.jar;C:\Users\Hanavan\.m2\repository\org\lwjgl\lwjgl-openal\3.1.3\lwjgl-openal-3.1.3.jar;C:\Users\Hanavan\.m2\repository\org\lwjgl\lwjgl-opengl\3.1.3\lwjgl-opengl-3.1.3.jar;C:\Users\Hanavan\.m2\repository\org\lwjgl\lwjgl-stb\3.1.3\lwjgl-stb-3.1.3.jar;C:\Users\Hanavan\.m2\repository\org\lwjgl\lwjgl\3.1.3\lwjgl-3.1.3-natives-windows.jar;C:\Users\Hanavan\.m2\repository\org\lwjgl\lwjgl-glfw\3.1.3\lwjgl-glfw-3.1.3-natives-windows.jar;C:\Users\Hanavan\.m2\repository\org\lwjgl\lwjgl-jemalloc\3.1.3\lwjgl-jemalloc-3.1.3-natives-windows.jar;C:\Users\Hanavan\.m2\repository\org\lwjgl\lwjgl-openal\3.1.3\lw
Launcher Type: SUN_STANDARD

Environment Variables:
JAVA_HOME=C:\Program Files\Java\jdk1.8.0_65
PATH=C:/Program Files/Java/jdk1.8.0_65/bin/../jre/bin/server;C:/Program Files/Java/jdk1.8.0_65/bin/../jre/bin;C:/Program Files/Java/jdk1.8.0_65/bin/../jre/lib/amd64;C:\Program Files\Common Files\Microsoft Shared\Windows Live;C:\Program Files (x86)\Common Files\Microsoft Shared\Windows Live;C:\WINDOWS\system32;C:\WINDOWS;C:\WINDOWS\System32\Wbem;C:\WINDOWS\System32\WindowsPowerShell\v1.0\;C:\Program Files (x86)\QuickTime\QTSystem\;C:\Program Files\Microsoft SQL Server\110\Tools\Binn\;C:\Program Files (x86)\Microsoft SDKs\TypeScript\1.0\;C:\Program Files (x86)\Windows Live\Shared;C:\Users\Hanavan\.dnx\bin;C:\Program Files\Microsoft DNX\Dnvm\;C:\Program Files (x86)\NVIDIA Corporation\PhysX\Common;C:\WINDOWS\system32;C:\WINDOWS;C:\WINDOWS\System32\Wbem;C:\WINDOWS\System32\WindowsPowerShell\v1.0\;C:\Program Files\Java\jdk1.8.0_66\bin;C:\Program Files\Common Files\Autodesk Shared\;C:\Program Files (x86)\Autodesk\Backburner\;C:\Program Files\Java\jdk1.8.0_65\bin;C:\Program Files (x86)\Microsoft SQL Server\110\Tools\Binn\;C:\Program Files\Microsoft SQL Server\110\DTS\Binn\;C:\Program Files (x86)\Microsoft SQL Server\110\Tools\Binn\ManagementStudio\;C:\Program Files (x86)\Microsoft SQL Server\110\DTS\Binn\;C:\Program Files (x86)\Skype\Phone\;C:\Program Files\PuTTY\;C:\TDM-GCC-64\bin;C:\Program Files\Microsoft SQL Server\130\Tools\Binn\;C:\Program Files\MiKTeX 2.9\miktex\bin\x64\;C:\Program Files\Gource\cmd;C:\Program Files\dotnet\;C:\Users\Hanavan\AppData\Local\Programs\Python\Python36-32\Scripts\;C:\Users\Hanavan\AppData\Local\Programs\Python\Python36-32\;C:\Users\Hanavan\AppData\Local\Microsoft\WindowsApps;;C:\Users\Hanavan\eclipse\java-oxygen\eclipse;
USERNAME=Hanavan
OS=Windows_NT
PROCESSOR_IDENTIFIER=AMD64 Family 21 Model 2 Stepping 0, AuthenticAMD



---------------  S Y S T E M  ---------------

OS: Windows 10.0 , 64 bit Build 14393 (10.0.14393.1198)

CPU:total 8 (8 cores per cpu, 1 threads per core) family 21 model 2 stepping 0, cmov, cx8, fxsr, mmx, sse, sse2, sse3, ssse3, sse4.1, sse4.2, popcnt, avx, aes, clmul, mmxext, 3dnowpref, lzcnt, sse4a, tsc, tscinvbit, tscinv, bmi1

Memory: 4k page, physical 16674948k(9253556k free), swap 33452164k(22859472k free)

vm_info: Java HotSpot(TM) 64-Bit Server VM (25.66-b17) for windows-amd64 JRE (1.8.0_66-b17), built on Oct  6 2015 18:55:33 by "java_re" with MS VC++ 10.0 (VS2010)

time: Wed Dec 20 22:10:55 2017
elapsed time: 28 seconds (0d 0h 0m 28s)

